2024-04-25T22:47:15.661+08:00  INFO 72700 --- [store] [Test worker] c.fxa.image.store.StoreApplicationTests  : Starting StoreApplicationTests using Java 17.0.10 with PID 72700 (started by fengxiang in D:\java-server\image-manager\store)
2024-04-25T22:47:15.663+08:00  INFO 72700 --- [store] [Test worker] c.fxa.image.store.StoreApplicationTests  : The following 1 profile is active: "dev"
2024-04-25T22:47:15.711+08:00  INFO 72700 --- [store] [Test worker] c.a.c.n.c.NacosConfigDataLoader          : [Nacos Config] Load config[dataId=fxa-image-store, group=DEFAULT_GROUP] success
2024-04-25T22:47:15.714+08:00 DEBUG 72700 --- [store] [Test worker] o.s.w.c.s.GenericWebApplicationContext   : Refreshing org.springframework.web.context.support.GenericWebApplicationContext@57a6a933
2024-04-25T22:47:16.489+08:00  INFO 72700 --- [store] [Test worker] .s.d.r.c.RepositoryConfigurationDelegate : Multiple Spring Data modules found, entering strict repository configuration mode
2024-04-25T22:47:16.492+08:00  INFO 72700 --- [store] [Test worker] .s.d.r.c.RepositoryConfigurationDelegate : Bootstrapping Spring Data Redis repositories in DEFAULT mode.
2024-04-25T22:47:16.517+08:00  INFO 72700 --- [store] [Test worker] .s.d.r.c.RepositoryConfigurationDelegate : Finished Spring Data repository scanning in 8 ms. Found 0 Redis repository interfaces.
2024-04-25T22:47:16.760+08:00  INFO 72700 --- [store] [Test worker] o.s.cloud.context.scope.GenericScope     : BeanFactory id=36cb724d-0d24-3622-8a7d-695806010df2
2024-04-25T22:47:17.132+08:00  WARN 72700 --- [store] [Test worker] trationDelegate$BeanPostProcessorChecker : Bean 'org.springframework.cloud.client.loadbalancer.LoadBalancerAutoConfiguration$DeferringLoadBalancerInterceptorConfig' of type [org.springframework.cloud.client.loadbalancer.LoadBalancerAutoConfiguration$DeferringLoadBalancerInterceptorConfig] is not eligible for getting processed by all BeanPostProcessors (for example: not eligible for auto-proxying). The currently created BeanPostProcessor [lbRestClientPostProcessor] is declared through a non-static factory method on that class; consider declaring it as static instead.
2024-04-25T22:47:17.135+08:00  WARN 72700 --- [store] [Test worker] trationDelegate$BeanPostProcessorChecker : Bean 'deferringLoadBalancerInterceptor' of type [org.springframework.cloud.client.loadbalancer.DeferringLoadBalancerInterceptor] is not eligible for getting processed by all BeanPostProcessors (for example: not eligible for auto-proxying). Is this bean getting eagerly injected into a currently created BeanPostProcessor [lbRestClientPostProcessor]? Check the corresponding BeanPostProcessor declaration and its dependencies.
2024-04-25T22:47:17.954+08:00  INFO 72700 --- [store] [Test worker] o.s.a.r.c.CachingConnectionFactory       : Attempting to connect to: [localhost:5672]
2024-04-25T22:47:18.010+08:00  INFO 72700 --- [store] [Test worker] o.s.a.r.c.CachingConnectionFactory       : Created new connection: rabbitConnectionFactory#eb695e8:0/SimpleConnection@44e7c06b [delegate=amqp://guest@127.0.0.1:5672/, localPort=63577]
2024-04-25T22:47:18.287+08:00  INFO 72700 --- [store] [Test worker] c.a.c.sentinel.SentinelWebMvcConfigurer  : [Sentinel Starter] register SentinelWebInterceptor with urlPatterns: [/**].
2024-04-25T22:47:18.357+08:00 DEBUG 72700 --- [store] [Test worker] s.w.s.m.m.a.RequestMappingHandlerMapping : 3 mappings in 'requestMappingHandlerMapping'
2024-04-25T22:47:18.468+08:00 DEBUG 72700 --- [store] [Test worker] o.s.w.s.handler.SimpleUrlHandlerMapping  : Patterns [/webjars/**, /**] in 'resourceHandlerMapping'
2024-04-25T22:47:18.500+08:00 DEBUG 72700 --- [store] [Test worker] s.w.s.m.m.a.RequestMappingHandlerAdapter : ControllerAdvice beans: 0 @ModelAttribute, 0 @InitBinder, 1 RequestBodyAdvice, 1 ResponseBodyAdvice
2024-04-25T22:47:18.538+08:00 DEBUG 72700 --- [store] [Test worker] .m.m.a.ExceptionHandlerExceptionResolver : ControllerAdvice beans: 0 @ExceptionHandler, 1 ResponseBodyAdvice
2024-04-25T22:47:18.993+08:00  WARN 72700 --- [store] [Test worker] iguration$LoadBalancerCaffeineWarnLogger : Spring Cloud LoadBalancer is currently working with the default cache. While this cache implementation is useful for development and tests, it's recommended to use Caffeine cache in production.You can switch to using Caffeine cache, by adding it and org.springframework.cache.caffeine.CaffeineCacheManager to the classpath.
2024-04-25T22:47:19.064+08:00  INFO 72700 --- [store] [Test worker] c.fxa.image.store.StoreApplicationTests  : Started StoreApplicationTests in 4.761 seconds (process running for 5.972)
2024-04-25T22:47:19.084+08:00  INFO 72700 --- [store] [Test worker] com.zaxxer.hikari.HikariDataSource       : HikariPool-1 - Starting...
2024-04-25T22:47:19.306+08:00  INFO 72700 --- [store] [Test worker] com.zaxxer.hikari.pool.HikariPool        : HikariPool-1 - Added connection com.mysql.cj.jdbc.ConnectionImpl@25639668
2024-04-25T22:47:19.308+08:00  INFO 72700 --- [store] [Test worker] com.zaxxer.hikari.HikariDataSource       : HikariPool-1 - Start completed.
2024-04-25T22:47:19.792+08:00  INFO 72700 --- [store] [Test worker] c.a.nacos.client.config.impl.CacheData   : config listener notify warn timeout millis use default 60000 millis 
2024-04-25T22:47:19.792+08:00  INFO 72700 --- [store] [Test worker] c.a.nacos.client.config.impl.CacheData   : nacos.cache.data.init.snapshot = true 
2024-04-25T22:47:19.793+08:00  INFO 72700 --- [store] [Test worker] c.a.n.client.config.impl.ClientWorker    : [fixed-127.0.0.1_8848] [subscribe] fxa-image-store+DEFAULT_GROUP
2024-04-25T22:47:19.803+08:00  INFO 72700 --- [store] [Test worker] c.a.nacos.client.config.impl.CacheData   : [fixed-127.0.0.1_8848] [add-listener] ok, tenant=, dataId=fxa-image-store, group=DEFAULT_GROUP, cnt=1
2024-04-25T22:47:19.803+08:00  INFO 72700 --- [store] [Test worker] c.a.c.n.refresh.NacosContextRefresher    : [Nacos Config] Listening config: dataId=fxa-image-store, group=DEFAULT_GROUP
2024-04-25T22:47:20.725+08:00  WARN 72700 --- [store] [Thread-9] c.a.nacos.common.notify.NotifyCenter     : [NotifyCenter] Start destroying Publisher
2024-04-25T22:47:20.725+08:00  WARN 72700 --- [store] [Thread-4] c.a.n.common.http.HttpClientBeanHolder   : [HttpClientBeanHolder] Start destroying common HttpClient
2024-04-25T22:47:20.726+08:00  WARN 72700 --- [store] [Thread-9] c.a.nacos.common.notify.NotifyCenter     : [NotifyCenter] Destruction of the end
2024-04-25T22:47:20.726+08:00  WARN 72700 --- [store] [Thread-4] c.a.n.common.http.HttpClientBeanHolder   : [HttpClientBeanHolder] Destruction of the end
2024-04-25T22:47:20.727+08:00 DEBUG 72700 --- [store] [SpringApplicationShutdownHook] o.s.w.c.s.GenericWebApplicationContext   : Closing org.springframework.web.context.support.GenericWebApplicationContext@57a6a933, started on Thu Apr 25 22:47:15 CST 2024
2024-04-25T22:47:20.734+08:00  INFO 72700 --- [store] [org.springframework.amqp.rabbit.RabbitListenerEndpointContainer#0-2] o.s.a.r.l.SimpleMessageListenerContainer : Waiting for workers to finish.
2024-04-25T22:47:21.077+08:00  INFO 72700 --- [store] [org.springframework.amqp.rabbit.RabbitListenerEndpointContainer#0-2] o.s.a.r.l.SimpleMessageListenerContainer : Successfully waited for workers to finish.
2024-04-25T22:47:21.319+08:00  INFO 72700 --- [store] [SpringApplicationShutdownHook] com.zaxxer.hikari.HikariDataSource       : HikariPool-1 - Shutdown initiated...
2024-04-25T22:47:21.328+08:00  INFO 72700 --- [store] [SpringApplicationShutdownHook] com.zaxxer.hikari.HikariDataSource       : HikariPool-1 - Shutdown completed.
2024-04-25T22:47:36.894+08:00  INFO 74216 --- [store] [Test worker] c.fxa.image.store.StoreApplicationTests  : Starting StoreApplicationTests using Java 17.0.10 with PID 74216 (started by fengxiang in D:\java-server\image-manager\store)
2024-04-25T22:47:36.896+08:00  INFO 74216 --- [store] [Test worker] c.fxa.image.store.StoreApplicationTests  : The following 1 profile is active: "dev"
2024-04-25T22:47:36.942+08:00  INFO 74216 --- [store] [Test worker] c.a.c.n.c.NacosConfigDataLoader          : [Nacos Config] Load config[dataId=fxa-image-store, group=DEFAULT_GROUP] success
2024-04-25T22:47:36.945+08:00 DEBUG 74216 --- [store] [Test worker] o.s.w.c.s.GenericWebApplicationContext   : Refreshing org.springframework.web.context.support.GenericWebApplicationContext@5b5b59
2024-04-25T22:47:37.734+08:00  INFO 74216 --- [store] [Test worker] .s.d.r.c.RepositoryConfigurationDelegate : Multiple Spring Data modules found, entering strict repository configuration mode
2024-04-25T22:47:37.737+08:00  INFO 74216 --- [store] [Test worker] .s.d.r.c.RepositoryConfigurationDelegate : Bootstrapping Spring Data Redis repositories in DEFAULT mode.
2024-04-25T22:47:37.764+08:00  INFO 74216 --- [store] [Test worker] .s.d.r.c.RepositoryConfigurationDelegate : Finished Spring Data repository scanning in 8 ms. Found 0 Redis repository interfaces.
2024-04-25T22:47:38.025+08:00  INFO 74216 --- [store] [Test worker] o.s.cloud.context.scope.GenericScope     : BeanFactory id=36cb724d-0d24-3622-8a7d-695806010df2
2024-04-25T22:47:38.372+08:00  WARN 74216 --- [store] [Test worker] trationDelegate$BeanPostProcessorChecker : Bean 'org.springframework.cloud.client.loadbalancer.LoadBalancerAutoConfiguration$DeferringLoadBalancerInterceptorConfig' of type [org.springframework.cloud.client.loadbalancer.LoadBalancerAutoConfiguration$DeferringLoadBalancerInterceptorConfig] is not eligible for getting processed by all BeanPostProcessors (for example: not eligible for auto-proxying). The currently created BeanPostProcessor [lbRestClientPostProcessor] is declared through a non-static factory method on that class; consider declaring it as static instead.
2024-04-25T22:47:38.375+08:00  WARN 74216 --- [store] [Test worker] trationDelegate$BeanPostProcessorChecker : Bean 'deferringLoadBalancerInterceptor' of type [org.springframework.cloud.client.loadbalancer.DeferringLoadBalancerInterceptor] is not eligible for getting processed by all BeanPostProcessors (for example: not eligible for auto-proxying). Is this bean getting eagerly injected into a currently created BeanPostProcessor [lbRestClientPostProcessor]? Check the corresponding BeanPostProcessor declaration and its dependencies.
2024-04-25T22:47:39.096+08:00  INFO 74216 --- [store] [Test worker] o.s.a.r.c.CachingConnectionFactory       : Attempting to connect to: [localhost:5672]
2024-04-25T22:47:39.164+08:00  INFO 74216 --- [store] [Test worker] o.s.a.r.c.CachingConnectionFactory       : Created new connection: rabbitConnectionFactory#45273d40:0/SimpleConnection@5d035ab6 [delegate=amqp://guest@127.0.0.1:5672/, localPort=63601]
2024-04-25T22:47:39.414+08:00  INFO 74216 --- [store] [Test worker] c.a.c.sentinel.SentinelWebMvcConfigurer  : [Sentinel Starter] register SentinelWebInterceptor with urlPatterns: [/**].
2024-04-25T22:47:39.482+08:00 DEBUG 74216 --- [store] [Test worker] s.w.s.m.m.a.RequestMappingHandlerMapping : 3 mappings in 'requestMappingHandlerMapping'
2024-04-25T22:47:39.582+08:00 DEBUG 74216 --- [store] [Test worker] o.s.w.s.handler.SimpleUrlHandlerMapping  : Patterns [/webjars/**, /**] in 'resourceHandlerMapping'
2024-04-25T22:47:39.611+08:00 DEBUG 74216 --- [store] [Test worker] s.w.s.m.m.a.RequestMappingHandlerAdapter : ControllerAdvice beans: 0 @ModelAttribute, 0 @InitBinder, 1 RequestBodyAdvice, 1 ResponseBodyAdvice
2024-04-25T22:47:39.652+08:00 DEBUG 74216 --- [store] [Test worker] .m.m.a.ExceptionHandlerExceptionResolver : ControllerAdvice beans: 0 @ExceptionHandler, 1 ResponseBodyAdvice
2024-04-25T22:47:40.073+08:00  WARN 74216 --- [store] [Test worker] iguration$LoadBalancerCaffeineWarnLogger : Spring Cloud LoadBalancer is currently working with the default cache. While this cache implementation is useful for development and tests, it's recommended to use Caffeine cache in production.You can switch to using Caffeine cache, by adding it and org.springframework.cache.caffeine.CaffeineCacheManager to the classpath.
2024-04-25T22:47:40.154+08:00  INFO 74216 --- [store] [Test worker] c.fxa.image.store.StoreApplicationTests  : Started StoreApplicationTests in 4.71 seconds (process running for 5.9)
2024-04-25T22:47:40.173+08:00  INFO 74216 --- [store] [Test worker] com.zaxxer.hikari.HikariDataSource       : HikariPool-1 - Starting...
2024-04-25T22:47:40.405+08:00  INFO 74216 --- [store] [Test worker] com.zaxxer.hikari.pool.HikariPool        : HikariPool-1 - Added connection com.mysql.cj.jdbc.ConnectionImpl@d91e8c7
2024-04-25T22:47:40.407+08:00  INFO 74216 --- [store] [Test worker] com.zaxxer.hikari.HikariDataSource       : HikariPool-1 - Start completed.
2024-04-25T22:47:40.860+08:00  INFO 74216 --- [store] [Test worker] c.a.nacos.client.config.impl.CacheData   : config listener notify warn timeout millis use default 60000 millis 
2024-04-25T22:47:40.861+08:00  INFO 74216 --- [store] [Test worker] c.a.nacos.client.config.impl.CacheData   : nacos.cache.data.init.snapshot = true 
2024-04-25T22:47:40.862+08:00  INFO 74216 --- [store] [Test worker] c.a.n.client.config.impl.ClientWorker    : [fixed-127.0.0.1_8848] [subscribe] fxa-image-store+DEFAULT_GROUP
2024-04-25T22:47:40.873+08:00  INFO 74216 --- [store] [Test worker] c.a.nacos.client.config.impl.CacheData   : [fixed-127.0.0.1_8848] [add-listener] ok, tenant=, dataId=fxa-image-store, group=DEFAULT_GROUP, cnt=1
2024-04-25T22:47:40.873+08:00  INFO 74216 --- [store] [Test worker] c.a.c.n.refresh.NacosContextRefresher    : [Nacos Config] Listening config: dataId=fxa-image-store, group=DEFAULT_GROUP
2024-04-25T22:47:41.671+08:00  WARN 74216 --- [store] [Thread-4] c.a.n.common.http.HttpClientBeanHolder   : [HttpClientBeanHolder] Start destroying common HttpClient
2024-04-25T22:47:41.671+08:00  WARN 74216 --- [store] [Thread-9] c.a.nacos.common.notify.NotifyCenter     : [NotifyCenter] Start destroying Publisher
2024-04-25T22:47:41.671+08:00  WARN 74216 --- [store] [Thread-9] c.a.nacos.common.notify.NotifyCenter     : [NotifyCenter] Destruction of the end
2024-04-25T22:47:41.671+08:00  WARN 74216 --- [store] [Thread-4] c.a.n.common.http.HttpClientBeanHolder   : [HttpClientBeanHolder] Destruction of the end
2024-04-25T22:47:41.672+08:00 DEBUG 74216 --- [store] [SpringApplicationShutdownHook] o.s.w.c.s.GenericWebApplicationContext   : Closing org.springframework.web.context.support.GenericWebApplicationContext@5b5b59, started on Thu Apr 25 22:47:36 CST 2024
2024-04-25T22:47:41.677+08:00  INFO 74216 --- [store] [org.springframework.amqp.rabbit.RabbitListenerEndpointContainer#0-2] o.s.a.r.l.SimpleMessageListenerContainer : Waiting for workers to finish.
2024-04-25T22:47:42.153+08:00  INFO 74216 --- [store] [org.springframework.amqp.rabbit.RabbitListenerEndpointContainer#0-2] o.s.a.r.l.SimpleMessageListenerContainer : Successfully waited for workers to finish.
2024-04-25T22:47:42.408+08:00  INFO 74216 --- [store] [SpringApplicationShutdownHook] com.zaxxer.hikari.HikariDataSource       : HikariPool-1 - Shutdown initiated...
2024-04-25T22:47:42.417+08:00  INFO 74216 --- [store] [SpringApplicationShutdownHook] com.zaxxer.hikari.HikariDataSource       : HikariPool-1 - Shutdown completed.
