2024-04-09T21:49:57.687+08:00  INFO 13564 --- [rpcreview] [Test worker] c.f.i.r.RpcreviewApplicationTests        : Starting RpcreviewApplicationTests using Java 17.0.10 with PID 13564 (started by fengxiang in D:\java-server\image-manager\rpcreview)
2024-04-09T21:49:57.688+08:00 DEBUG 13564 --- [rpcreview] [Test worker] c.f.i.r.RpcreviewApplicationTests        : Running with Spring Boot v3.2.4, Spring v6.1.5
2024-04-09T21:49:57.689+08:00  INFO 13564 --- [rpcreview] [Test worker] c.f.i.r.RpcreviewApplicationTests        : The following 1 profile is active: "dev"
2024-04-09T21:49:57.735+08:00  INFO 13564 --- [rpcreview] [Test worker] c.a.c.n.c.NacosConfigDataLoader          : [Nacos Config] Load config[dataId=fxa-image-review, group=DEFAULT_GROUP] success
2024-04-09T21:49:57.737+08:00 DEBUG 13564 --- [rpcreview] [Test worker] o.s.w.c.s.GenericWebApplicationContext   : Refreshing org.springframework.web.context.support.GenericWebApplicationContext@c889805
2024-04-09T21:49:58.756+08:00  INFO 13564 --- [rpcreview] [Test worker] .s.d.r.c.RepositoryConfigurationDelegate : Multiple Spring Data modules found, entering strict repository configuration mode
2024-04-09T21:49:58.760+08:00  INFO 13564 --- [rpcreview] [Test worker] .s.d.r.c.RepositoryConfigurationDelegate : Bootstrapping Spring Data Redis repositories in DEFAULT mode.
2024-04-09T21:49:58.790+08:00  INFO 13564 --- [rpcreview] [Test worker] .s.d.r.c.RepositoryConfigurationDelegate : Finished Spring Data repository scanning in 14 ms. Found 0 Redis repository interfaces.
2024-04-09T21:49:59.023+08:00  INFO 13564 --- [rpcreview] [Test worker] o.s.cloud.context.scope.GenericScope     : BeanFactory id=c84abe99-36ee-37dc-a805-5dac11ee29a9
2024-04-09T21:49:59.340+08:00  WARN 13564 --- [rpcreview] [Test worker] trationDelegate$BeanPostProcessorChecker : Bean 'org.springframework.cloud.client.loadbalancer.LoadBalancerAutoConfiguration$DeferringLoadBalancerInterceptorConfig' of type [org.springframework.cloud.client.loadbalancer.LoadBalancerAutoConfiguration$DeferringLoadBalancerInterceptorConfig] is not eligible for getting processed by all BeanPostProcessors (for example: not eligible for auto-proxying). The currently created BeanPostProcessor [lbRestClientPostProcessor] is declared through a non-static factory method on that class; consider declaring it as static instead.
2024-04-09T21:49:59.344+08:00  WARN 13564 --- [rpcreview] [Test worker] trationDelegate$BeanPostProcessorChecker : Bean 'deferringLoadBalancerInterceptor' of type [org.springframework.cloud.client.loadbalancer.DeferringLoadBalancerInterceptor] is not eligible for getting processed by all BeanPostProcessors (for example: not eligible for auto-proxying). Is this bean getting eagerly injected into a currently created BeanPostProcessor [lbRestClientPostProcessor]? Check the corresponding BeanPostProcessor declaration and its dependencies.
2024-04-09T21:50:00.230+08:00  INFO 13564 --- [rpcreview] [Test worker] c.a.c.sentinel.SentinelWebMvcConfigurer  : [Sentinel Starter] register SentinelWebInterceptor with urlPatterns: [/**].
2024-04-09T21:50:00.316+08:00 DEBUG 13564 --- [rpcreview] [Test worker] s.w.s.m.m.a.RequestMappingHandlerMapping : 5 mappings in 'requestMappingHandlerMapping'
2024-04-09T21:50:00.510+08:00 DEBUG 13564 --- [rpcreview] [Test worker] o.s.w.s.handler.SimpleUrlHandlerMapping  : Patterns [/webjars/**, /**] in 'resourceHandlerMapping'
2024-04-09T21:50:00.613+08:00 DEBUG 13564 --- [rpcreview] [Test worker] s.w.s.m.m.a.RequestMappingHandlerAdapter : ControllerAdvice beans: 0 @ModelAttribute, 0 @InitBinder, 1 RequestBodyAdvice, 1 ResponseBodyAdvice
2024-04-09T21:50:00.677+08:00 DEBUG 13564 --- [rpcreview] [Test worker] .m.m.a.ExceptionHandlerExceptionResolver : ControllerAdvice beans: 0 @ExceptionHandler, 1 ResponseBodyAdvice
2024-04-09T21:50:02.012+08:00  WARN 13564 --- [rpcreview] [Test worker] iguration$LoadBalancerCaffeineWarnLogger : Spring Cloud LoadBalancer is currently working with the default cache. While this cache implementation is useful for development and tests, it's recommended to use Caffeine cache in production.You can switch to using Caffeine cache, by adding it and org.springframework.cache.caffeine.CaffeineCacheManager to the classpath.
2024-04-09T21:50:02.024+08:00  INFO 13564 --- [rpcreview] [Test worker] o.s.b.a.e.web.EndpointLinksResolver      : Exposing 1 endpoint(s) beneath base path '/actuator'
2024-04-09T21:50:02.099+08:00  INFO 13564 --- [rpcreview] [Test worker] c.f.i.r.RpcreviewApplicationTests        : Started RpcreviewApplicationTests in 5.933 seconds (process running for 7.227)
2024-04-09T21:50:02.153+08:00  INFO 13564 --- [rpcreview] [Test worker] c.a.nacos.client.config.impl.CacheData   : config listener notify warn timeout millis use default 60000 millis 
2024-04-09T21:50:02.154+08:00  INFO 13564 --- [rpcreview] [Test worker] c.a.nacos.client.config.impl.CacheData   : nacos.cache.data.init.snapshot = true 
2024-04-09T21:50:02.155+08:00  INFO 13564 --- [rpcreview] [Test worker] c.a.n.client.config.impl.ClientWorker    : [fixed-127.0.0.1_8848] [subscribe] fxa-image-review+DEFAULT_GROUP
2024-04-09T21:50:02.165+08:00  INFO 13564 --- [rpcreview] [Test worker] c.a.nacos.client.config.impl.CacheData   : [fixed-127.0.0.1_8848] [add-listener] ok, tenant=, dataId=fxa-image-review, group=DEFAULT_GROUP, cnt=1
2024-04-09T21:50:02.166+08:00  INFO 13564 --- [rpcreview] [Test worker] c.a.c.n.refresh.NacosContextRefresher    : [Nacos Config] Listening config: dataId=fxa-image-review, group=DEFAULT_GROUP
2024-04-09T21:50:03.108+08:00  WARN 13564 --- [rpcreview] [Thread-4] c.a.n.common.http.HttpClientBeanHolder   : [HttpClientBeanHolder] Start destroying common HttpClient
2024-04-09T21:50:03.109+08:00  WARN 13564 --- [rpcreview] [Thread-9] c.a.nacos.common.notify.NotifyCenter     : [NotifyCenter] Start destroying Publisher
2024-04-09T21:50:03.109+08:00  WARN 13564 --- [rpcreview] [Thread-4] c.a.n.common.http.HttpClientBeanHolder   : [HttpClientBeanHolder] Destruction of the end
2024-04-09T21:50:03.109+08:00  WARN 13564 --- [rpcreview] [Thread-9] c.a.nacos.common.notify.NotifyCenter     : [NotifyCenter] Destruction of the end
2024-04-09T21:50:03.110+08:00 DEBUG 13564 --- [rpcreview] [SpringApplicationShutdownHook] o.s.w.c.s.GenericWebApplicationContext   : Closing org.springframework.web.context.support.GenericWebApplicationContext@c889805, started on Tue Apr 09 21:49:57 CST 2024
2024-04-09T21:56:41.344+08:00  INFO 19288 --- [rpcreview] [Test worker] c.f.i.r.RpcreviewApplicationTests        : Starting RpcreviewApplicationTests using Java 17.0.10 with PID 19288 (started by fengxiang in D:\java-server\image-manager\rpcreview)
2024-04-09T21:56:41.346+08:00 DEBUG 19288 --- [rpcreview] [Test worker] c.f.i.r.RpcreviewApplicationTests        : Running with Spring Boot v3.2.4, Spring v6.1.5
2024-04-09T21:56:41.346+08:00  INFO 19288 --- [rpcreview] [Test worker] c.f.i.r.RpcreviewApplicationTests        : The following 1 profile is active: "dev"
2024-04-09T21:56:41.439+08:00  INFO 19288 --- [rpcreview] [Test worker] c.a.c.n.c.NacosConfigDataLoader          : [Nacos Config] Load config[dataId=fxa-image-review, group=DEFAULT_GROUP] success
2024-04-09T21:56:41.442+08:00 DEBUG 19288 --- [rpcreview] [Test worker] o.s.w.c.s.GenericWebApplicationContext   : Refreshing org.springframework.web.context.support.GenericWebApplicationContext@c889805
2024-04-09T21:56:42.424+08:00  INFO 19288 --- [rpcreview] [Test worker] .s.d.r.c.RepositoryConfigurationDelegate : Multiple Spring Data modules found, entering strict repository configuration mode
2024-04-09T21:56:42.428+08:00  INFO 19288 --- [rpcreview] [Test worker] .s.d.r.c.RepositoryConfigurationDelegate : Bootstrapping Spring Data Redis repositories in DEFAULT mode.
2024-04-09T21:56:42.454+08:00  INFO 19288 --- [rpcreview] [Test worker] .s.d.r.c.RepositoryConfigurationDelegate : Finished Spring Data repository scanning in 11 ms. Found 0 Redis repository interfaces.
2024-04-09T21:56:42.664+08:00  INFO 19288 --- [rpcreview] [Test worker] o.s.cloud.context.scope.GenericScope     : BeanFactory id=c84abe99-36ee-37dc-a805-5dac11ee29a9
2024-04-09T21:56:42.960+08:00  WARN 19288 --- [rpcreview] [Test worker] trationDelegate$BeanPostProcessorChecker : Bean 'org.springframework.cloud.client.loadbalancer.LoadBalancerAutoConfiguration$DeferringLoadBalancerInterceptorConfig' of type [org.springframework.cloud.client.loadbalancer.LoadBalancerAutoConfiguration$DeferringLoadBalancerInterceptorConfig] is not eligible for getting processed by all BeanPostProcessors (for example: not eligible for auto-proxying). The currently created BeanPostProcessor [lbRestClientPostProcessor] is declared through a non-static factory method on that class; consider declaring it as static instead.
2024-04-09T21:56:42.964+08:00  WARN 19288 --- [rpcreview] [Test worker] trationDelegate$BeanPostProcessorChecker : Bean 'deferringLoadBalancerInterceptor' of type [org.springframework.cloud.client.loadbalancer.DeferringLoadBalancerInterceptor] is not eligible for getting processed by all BeanPostProcessors (for example: not eligible for auto-proxying). Is this bean getting eagerly injected into a currently created BeanPostProcessor [lbRestClientPostProcessor]? Check the corresponding BeanPostProcessor declaration and its dependencies.
2024-04-09T21:56:43.790+08:00  INFO 19288 --- [rpcreview] [Test worker] c.a.c.sentinel.SentinelWebMvcConfigurer  : [Sentinel Starter] register SentinelWebInterceptor with urlPatterns: [/**].
2024-04-09T21:56:43.872+08:00 DEBUG 19288 --- [rpcreview] [Test worker] s.w.s.m.m.a.RequestMappingHandlerMapping : 5 mappings in 'requestMappingHandlerMapping'
2024-04-09T21:56:44.028+08:00 DEBUG 19288 --- [rpcreview] [Test worker] o.s.w.s.handler.SimpleUrlHandlerMapping  : Patterns [/webjars/**, /**] in 'resourceHandlerMapping'
2024-04-09T21:56:44.090+08:00 DEBUG 19288 --- [rpcreview] [Test worker] s.w.s.m.m.a.RequestMappingHandlerAdapter : ControllerAdvice beans: 0 @ModelAttribute, 0 @InitBinder, 1 RequestBodyAdvice, 1 ResponseBodyAdvice
2024-04-09T21:56:44.133+08:00 DEBUG 19288 --- [rpcreview] [Test worker] .m.m.a.ExceptionHandlerExceptionResolver : ControllerAdvice beans: 0 @ExceptionHandler, 1 ResponseBodyAdvice
2024-04-09T21:56:45.301+08:00  WARN 19288 --- [rpcreview] [Test worker] iguration$LoadBalancerCaffeineWarnLogger : Spring Cloud LoadBalancer is currently working with the default cache. While this cache implementation is useful for development and tests, it's recommended to use Caffeine cache in production.You can switch to using Caffeine cache, by adding it and org.springframework.cache.caffeine.CaffeineCacheManager to the classpath.
2024-04-09T21:56:45.312+08:00  INFO 19288 --- [rpcreview] [Test worker] o.s.b.a.e.web.EndpointLinksResolver      : Exposing 1 endpoint(s) beneath base path '/actuator'
2024-04-09T21:56:45.377+08:00  INFO 19288 --- [rpcreview] [Test worker] c.f.i.r.RpcreviewApplicationTests        : Started RpcreviewApplicationTests in 5.498 seconds (process running for 6.802)
2024-04-09T21:56:45.421+08:00  INFO 19288 --- [rpcreview] [Test worker] c.a.nacos.client.config.impl.CacheData   : config listener notify warn timeout millis use default 60000 millis 
2024-04-09T21:56:45.422+08:00  INFO 19288 --- [rpcreview] [Test worker] c.a.nacos.client.config.impl.CacheData   : nacos.cache.data.init.snapshot = true 
2024-04-09T21:56:45.423+08:00  INFO 19288 --- [rpcreview] [Test worker] c.a.n.client.config.impl.ClientWorker    : [fixed-127.0.0.1_8848] [subscribe] fxa-image-review+DEFAULT_GROUP
2024-04-09T21:56:45.434+08:00  INFO 19288 --- [rpcreview] [Test worker] c.a.nacos.client.config.impl.CacheData   : [fixed-127.0.0.1_8848] [add-listener] ok, tenant=, dataId=fxa-image-review, group=DEFAULT_GROUP, cnt=1
2024-04-09T21:56:45.435+08:00  INFO 19288 --- [rpcreview] [Test worker] c.a.c.n.refresh.NacosContextRefresher    : [Nacos Config] Listening config: dataId=fxa-image-review, group=DEFAULT_GROUP
2024-04-09T21:56:46.316+08:00  WARN 19288 --- [rpcreview] [Thread-4] c.a.n.common.http.HttpClientBeanHolder   : [HttpClientBeanHolder] Start destroying common HttpClient
2024-04-09T21:56:46.316+08:00  WARN 19288 --- [rpcreview] [Thread-9] c.a.nacos.common.notify.NotifyCenter     : [NotifyCenter] Start destroying Publisher
2024-04-09T21:56:46.317+08:00  WARN 19288 --- [rpcreview] [Thread-9] c.a.nacos.common.notify.NotifyCenter     : [NotifyCenter] Destruction of the end
2024-04-09T21:56:46.317+08:00  WARN 19288 --- [rpcreview] [Thread-4] c.a.n.common.http.HttpClientBeanHolder   : [HttpClientBeanHolder] Destruction of the end
2024-04-09T21:56:46.317+08:00 DEBUG 19288 --- [rpcreview] [SpringApplicationShutdownHook] o.s.w.c.s.GenericWebApplicationContext   : Closing org.springframework.web.context.support.GenericWebApplicationContext@c889805, started on Tue Apr 09 21:56:41 CST 2024
